2017-06-08 21:37:15 [scrapy.utils.log] INFO: Scrapy 1.3.3 started (bot: byrbbs)
2017-06-08 21:37:15 [scrapy.utils.log] INFO: Overridden settings: {'BOT_NAME': 'byrbbs', 'LOG_FILE': '../log/scrapy-section-2017-06-08-21-37-15.log', 'LOG_LEVEL': 'INFO', 'NEWSPIDER_MODULE': 'byrbbs.spiders', 'ROBOTSTXT_OBEY': True, 'SPIDER_MODULES': ['byrbbs.spiders']}
2017-06-08 21:37:15 [scrapy.middleware] INFO: Enabled extensions:
['scrapy.extensions.corestats.CoreStats',
 'scrapy.extensions.telnet.TelnetConsole',
 'scrapy.extensions.logstats.LogStats']
2017-06-08 21:37:16 [scrapy.middleware] INFO: Enabled downloader middlewares:
['scrapy.downloadermiddlewares.robotstxt.RobotsTxtMiddleware',
 'scrapy.downloadermiddlewares.httpauth.HttpAuthMiddleware',
 'scrapy.downloadermiddlewares.downloadtimeout.DownloadTimeoutMiddleware',
 'scrapy.downloadermiddlewares.defaultheaders.DefaultHeadersMiddleware',
 'scrapy.downloadermiddlewares.useragent.UserAgentMiddleware',
 'scrapy.downloadermiddlewares.retry.RetryMiddleware',
 'scrapy.downloadermiddlewares.redirect.MetaRefreshMiddleware',
 'scrapy.downloadermiddlewares.httpcompression.HttpCompressionMiddleware',
 'scrapy.downloadermiddlewares.redirect.RedirectMiddleware',
 'scrapy.downloadermiddlewares.cookies.CookiesMiddleware',
 'scrapy.downloadermiddlewares.stats.DownloaderStats']
2017-06-08 21:37:16 [scrapy.middleware] INFO: Enabled spider middlewares:
['scrapy.spidermiddlewares.httperror.HttpErrorMiddleware',
 'scrapy.spidermiddlewares.offsite.OffsiteMiddleware',
 'scrapy.spidermiddlewares.referer.RefererMiddleware',
 'scrapy.spidermiddlewares.urllength.UrlLengthMiddleware',
 'scrapy.spidermiddlewares.depth.DepthMiddleware']
2017-06-08 21:37:16 [scrapy.middleware] INFO: Enabled item pipelines:
['byrbbs.pipelines.ByrbbsSectionPipeline',
 'byrbbs.pipelines.ByrbbsArticlePipeline',
 'byrbbs.pipelines.ByrbbsArticleHourPipeline']
2017-06-08 21:37:16 [scrapy.core.engine] INFO: Spider opened
2017-06-08 21:37:16 [scrapy.extensions.logstats] INFO: Crawled 0 pages (at 0 pages/min), scraped 0 items (at 0 items/min)
2017-06-08 21:37:49 [scrapy.core.scraper] ERROR: Error processing {'section_article_total': '612',
 'section_name': '乒乓球',
 'section_url': '/board/Tabletennis',
 'top_section_name': '体育健身',
 'top_section_num': 8,
 'updatetime': '2017-06-08 21:37:17'}
Traceback (most recent call last):
  File "C:\python3\lib\site-packages\pymysql\connections.py", line 916, in connect
    **kwargs)
  File "C:\python3\lib\socket.py", line 722, in create_connection
    raise err
  File "C:\python3\lib\socket.py", line 713, in create_connection
    sock.connect(sa)
socket.timeout: timed out

During handling of the above exception, another exception occurred:

Traceback (most recent call last):
  File "C:\python3\lib\site-packages\twisted\internet\defer.py", line 653, in _runCallbacks
    current.result = callback(current.result, *args, **kw)
  File "C:\Users\lenovo\PycharmProjects\byrbbs\byrbbs\pipelines.py", line 16, in wrapper
    return func(self, item, spider)
  File "C:\Users\lenovo\PycharmProjects\byrbbs\byrbbs\pipelines.py", line 27, in process_item
    con = pymysql.connect(**DB_CONFIG)
  File "C:\python3\lib\site-packages\pymysql\__init__.py", line 90, in Connect
    return Connection(*args, **kwargs)
  File "C:\python3\lib\site-packages\pymysql\connections.py", line 706, in __init__
    self.connect()
  File "C:\python3\lib\site-packages\pymysql\connections.py", line 963, in connect
    raise exc
pymysql.err.OperationalError: (2003, "Can't connect to MySQL server on '118.89.225.208' (timed out)")
2017-06-08 21:37:51 [scrapy.core.engine] INFO: Closing spider (finished)
2017-06-08 21:37:51 [scrapy.statscollectors] INFO: Dumping Scrapy stats:
{'downloader/request_bytes': 162296,
 'downloader/request_count': 323,
 'downloader/request_method_count/GET': 321,
 'downloader/request_method_count/POST': 2,
 'downloader/response_bytes': 1998654,
 'downloader/response_count': 323,
 'downloader/response_status_count/200': 301,
 'downloader/response_status_count/301': 22,
 'finish_reason': 'finished',
 'finish_time': datetime.datetime(2017, 6, 8, 13, 37, 51, 901011),
 'item_scraped_count': 278,
 'log_count/ERROR': 1,
 'log_count/INFO': 7,
 'request_depth_max': 3,
 'response_received_count': 301,
 'scheduler/dequeued': 321,
 'scheduler/dequeued/memory': 321,
 'scheduler/enqueued': 321,
 'scheduler/enqueued/memory': 321,
 'start_time': datetime.datetime(2017, 6, 8, 13, 37, 16, 68582)}
2017-06-08 21:37:51 [scrapy.core.engine] INFO: Spider closed (finished)
